<?xml version="1.0" encoding="UTF-8"?>
<testng-results ignored="0" total="2" passed="2" failed="0" skipped="0">
  <reporter-output>
  </reporter-output>
  <suite started-at="2024-05-06T07:51:46 IST" name="Test Suite" finished-at="2024-05-06T07:53:45 IST" duration-ms="119305">
    <groups>
    </groups>
    <test started-at="2024-05-06T07:51:46 IST" name="Flipkart Search Test" finished-at="2024-05-06T07:53:45 IST" duration-ms="119305">
      <class name="com.scenario2.FlipkartSearchTest">
        <test-method is-config="true" signature="setUpSuite()[pri:0, instance:com.scenario2.FlipkartSearchTest@2f4948e4]" started-at="2024-05-06T07:51:46 IST" name="setUpSuite" finished-at="2024-05-06T07:51:46 IST" duration-ms="4" status="PASS">
          <reporter-output>
          </reporter-output>
        </test-method> <!-- setUpSuite -->
        <test-method is-config="true" signature="setUp()[pri:0, instance:com.scenario2.FlipkartSearchTest@2f4948e4]" started-at="2024-05-06T07:51:46 IST" name="setUp" finished-at="2024-05-06T07:51:53 IST" duration-ms="7085" status="PASS">
          <reporter-output>
          </reporter-output>
        </test-method> <!-- setUp -->
        <test-method signature="verifyFlipkartPresence()[pri:1, instance:com.scenario2.FlipkartSearchTest@2f4948e4]" started-at="2024-05-06T07:51:53 IST" name="verifyFlipkartPresence" finished-at="2024-05-06T07:52:27 IST" duration-ms="34346" status="PASS">
          <reporter-output>
          </reporter-output>
        </test-method> <!-- verifyFlipkartPresence -->
        <test-method signature="searchAndVerifyResults()[pri:2, instance:com.scenario2.FlipkartSearchTest@2f4948e4]" started-at="2024-05-06T07:52:27 IST" name="searchAndVerifyResults" finished-at="2024-05-06T07:53:45 IST" duration-ms="77621" status="PASS">
          <reporter-output>
          </reporter-output>
        </test-method> <!-- searchAndVerifyResults -->
        <test-method is-config="true" signature="tearDown()[pri:0, instance:com.scenario2.FlipkartSearchTest@2f4948e4]" started-at="2024-05-06T07:53:45 IST" name="tearDown" finished-at="2024-05-06T07:53:45 IST" duration-ms="236" status="PASS">
          <reporter-output>
          </reporter-output>
        </test-method> <!-- tearDown -->
      </class> <!-- com.scenario2.FlipkartSearchTest -->
    </test> <!-- Flipkart Search Test -->
  </suite> <!-- Test Suite -->
</testng-results>
