<?xml version="1.0" encoding="UTF-8"?>
<!-- Generated by org.testng.reporters.JUnitXMLReporter -->
<testsuite ignored="0" hostname="Lloyds-MacBook-Air.local" failures="0" tests="2" name="Flipkart Search Test" time="119.305" errors="0" timestamp="2024-05-06T07:53:45 IST">
  <testcase classname="com.scenario2.FlipkartSearchTest" name="verifyFlipkartPresence" time="34.346"/>
  <testcase classname="com.scenario2.FlipkartSearchTest" name="searchAndVerifyResults" time="77.621"/>
</testsuite> <!-- Flipkart Search Test -->
